Line 27: Cannot load control UniMenu1.
Line 27: Cannot load control UniMenu1.
Line 27: Cannot load control UniMenu1.
Line 38: Cannot load control UniFrame1.
Line 60: Cannot load control UniLabel12.
Line 90: Cannot load control UniLabel10.
Line 108: Cannot load control txtFileName.
Line 130: Cannot load control UniLabel9.
Line 148: Cannot load control UniLabel8.
Line 166: Cannot load control UniLabel7.
Line 184: Cannot load control UniLabel6.
Line 202: Cannot load control UniLabel5.
Line 220: Cannot load control UniLabel4.
Line 238: Cannot load control UniLabel3.
Line 256: Cannot load control UniLabel2.
Line 274: Cannot load control txtPath.
Line 296: Cannot load control txtCompany.
Line 318: Cannot load control txtDecription.
Line 340: Cannot load control txtVersion.
Line 362: Cannot load control txtFileSize.
Line 384: Cannot load control txtUuTien.
Line 406: Cannot load control txtMemory.
Line 428: Cannot load control txtThuocTinh.
Line 530: Cannot load control UniLabel1.
